[15:16:00] [Server thread/INFO]: Starting minecraft server version 1.11.2
[15:16:00] [Server thread/INFO]: Loading properties
[15:16:00] [Server thread/INFO]: Default game type: ADVENTURE
[15:16:00] [Server thread/INFO]: Generating keypair
[15:16:00] [Server thread/INFO]: Starting Minecraft server on *:25565
[15:16:00] [Server thread/INFO]: Using default channel type
[15:16:01] [Server thread/INFO]: Preparing level "BooleanAlgebra"
[15:16:02] [Server thread/INFO]: Preparing start region for level 0
[15:16:03] [Server thread/INFO]: Preparing spawn area: 69%
[15:16:03] [Server thread/INFO]: Done (1.862s)! For help, type "help" or "?"
[15:16:10] [User Authenticator #1/INFO]: UUID of player TumbleGamer is 554a961a-0908-428d-bf07-a1568d0d8547
[15:16:10] [Server thread/INFO]: TumbleGamer[/127.0.0.1:57528] logged in with entity id 0 at (1864.4344219204074, 56.0, 495.68097059669793)
[15:16:10] [Server thread/INFO]: TumbleGamer joined the game
[15:16:20] [Server thread/INFO]: [@: Given [Custom Sign] * 1 to TumbleGamer]
[15:16:30] [Server thread/INFO]: [TumbleGamer: Given [Redstone Remover] * 1 to TumbleGamer]
[15:17:17] [Server thread/INFO]: [@: Given [Custom Sign] * 1 to TumbleGamer]
[15:17:22] [Server thread/INFO]: [TumbleGamer: Given [Redstone Remover] * 1 to TumbleGamer]
[15:18:27] [Server thread/INFO]: [@: Given [Custom Sign] * 1 to TumbleGamer]
[15:18:32] [Server thread/INFO]: [TumbleGamer: Given [Redstone Remover] * 1 to TumbleGamer]
[15:19:18] [Server thread/INFO]: [@: Given [Custom Sign] * 1 to TumbleGamer]
[15:19:23] [Server thread/INFO]: [@: Given [Custom Sign] * 1 to TumbleGamer]
[15:19:25] [Server thread/INFO]: [@: Given [Custom Sign] * 1 to TumbleGamer]
[15:19:28] [Server thread/INFO]: [@: Given [Custom Sign] * 1 to TumbleGamer]
[15:19:32] [Server thread/INFO]: [TumbleGamer: Given [Redstone Remover] * 1 to TumbleGamer]
[15:20:27] [Server thread/INFO]: [@: Given [Custom Sign] * 1 to TumbleGamer]
[15:20:30] [Server thread/INFO]: [TumbleGamer: Given [Redstone Remover] * 1 to TumbleGamer]
[15:20:49] [Server thread/INFO]: [TumbleGamer: Given [Redstone Remover] * 1 to TumbleGamer]
[15:20:51] [Server thread/INFO]: [TumbleGamer: Given [Redstone Remover] * 1 to TumbleGamer]
[15:29:21] [Server thread/INFO]: [@: Given [Custom Sign] * 1 to TumbleGamer]
[15:29:30] [Server thread/INFO]: [TumbleGamer: Given [Redstone Torch] * 64 to TumbleGamer]
[15:29:30] [Server thread/INFO]: [TumbleGamer: Given [Block of Gold] * 64 to TumbleGamer]
[15:29:35] [Server thread/INFO]: [TumbleGamer: Given [Redstone Torch] * 64 to TumbleGamer]
[15:29:35] [Server thread/INFO]: [TumbleGamer: Given [Block of Gold] * 64 to TumbleGamer]
[15:30:35] [Server thread/INFO]: [@: Given [Custom Sign] * 1 to TumbleGamer]
[15:30:39] [Server thread/INFO]: [TumbleGamer: Given [Redstone Torch] * 64 to TumbleGamer]
[15:30:39] [Server thread/INFO]: [TumbleGamer: Given [Block of Gold] * 64 to TumbleGamer]
[15:30:52] [Server thread/INFO]: [TumbleGamer: Given [Redstone Torch] * 64 to TumbleGamer]
[15:30:52] [Server thread/INFO]: [TumbleGamer: Given [Block of Gold] * 64 to TumbleGamer]
[15:31:43] [Server thread/INFO]: [@: Given [Custom Sign] * 1 to TumbleGamer]
[15:31:47] [Server thread/INFO]: [TumbleGamer: Given [Redstone] * 64 to TumbleGamer]
[15:31:47] [Server thread/INFO]: [TumbleGamer: Given [Redstone Repeater] * 64 to TumbleGamer]
[15:31:47] [Server thread/INFO]: [TumbleGamer: Given [Redstone Torch] * 64 to TumbleGamer]
[15:31:47] [Server thread/INFO]: [TumbleGamer: Given [Block of Gold] * 64 to TumbleGamer]
[15:32:17] [Server thread/INFO]: [@: Given [Custom Sign] * 1 to TumbleGamer]
[15:32:20] [Server thread/INFO]: [TumbleGamer: Given [Redstone] * 64 to TumbleGamer]
[15:32:20] [Server thread/INFO]: [TumbleGamer: Given [Redstone Repeater] * 64 to TumbleGamer]
[15:32:20] [Server thread/INFO]: [TumbleGamer: Given [Redstone Torch] * 64 to TumbleGamer]
[15:32:20] [Server thread/INFO]: [TumbleGamer: Given [Block of Gold] * 64 to TumbleGamer]
[15:32:26] [Server thread/INFO]: [@: Given [Custom Sign] * 1 to TumbleGamer]
[15:32:28] [Server thread/INFO]: [TumbleGamer: Given [Redstone] * 64 to TumbleGamer]
[15:32:28] [Server thread/INFO]: [TumbleGamer: Given [Redstone Repeater] * 64 to TumbleGamer]
[15:32:28] [Server thread/INFO]: [TumbleGamer: Given [Redstone Torch] * 64 to TumbleGamer]
[15:32:28] [Server thread/INFO]: [TumbleGamer: Given [Block of Gold] * 64 to TumbleGamer]
[15:32:49] [Server thread/INFO]: [@: Given [Custom Sign] * 1 to TumbleGamer]
[15:32:51] [Server thread/INFO]: [TumbleGamer: Given [Redstone] * 64 to TumbleGamer]
[15:32:51] [Server thread/INFO]: [TumbleGamer: Given [Redstone Repeater] * 64 to TumbleGamer]
[15:32:51] [Server thread/INFO]: [TumbleGamer: Given [Redstone Torch] * 64 to TumbleGamer]
[15:32:51] [Server thread/INFO]: [TumbleGamer: Given [Block of Gold] * 64 to TumbleGamer]
[15:33:46] [Server thread/INFO]: [@: Given [Custom Sign] * 1 to TumbleGamer]
[15:33:50] [Server thread/INFO]: [TumbleGamer: Given [Redstone] * 64 to TumbleGamer]
[15:33:50] [Server thread/INFO]: [TumbleGamer: Given [Redstone Repeater] * 64 to TumbleGamer]
[15:33:50] [Server thread/INFO]: [TumbleGamer: Given [Redstone Torch] * 64 to TumbleGamer]
[15:33:50] [Server thread/INFO]: [TumbleGamer: Given [Block of Gold] * 64 to TumbleGamer]
[15:34:12] [Server thread/INFO]: [@: Given [Custom Sign] * 1 to TumbleGamer]
[15:34:13] [Server thread/INFO]: [TumbleGamer: Given [Redstone] * 64 to TumbleGamer]
[15:34:13] [Server thread/INFO]: [TumbleGamer: Given [Redstone Repeater] * 64 to TumbleGamer]
[15:34:13] [Server thread/INFO]: [TumbleGamer: Given [Redstone Torch] * 64 to TumbleGamer]
[15:34:13] [Server thread/INFO]: [TumbleGamer: Given [Block of Gold] * 64 to TumbleGamer]
[15:35:49] [Server thread/INFO]: [@: Given [Custom Sign] * 1 to TumbleGamer]
[15:35:52] [Server thread/INFO]: [TumbleGamer: Given [Redstone] * 64 to TumbleGamer]
[15:35:52] [Server thread/INFO]: [TumbleGamer: Given [Redstone Repeater] * 64 to TumbleGamer]
[15:35:52] [Server thread/INFO]: [TumbleGamer: Given [Redstone Torch] * 64 to TumbleGamer]
[15:35:52] [Server thread/INFO]: [TumbleGamer: Given [Block of Gold] * 64 to TumbleGamer]
[15:36:51] [Server thread/INFO]: [@: Given [Custom Sign] * 1 to TumbleGamer]
[15:36:54] [Server thread/INFO]: [TumbleGamer: Given [Redstone] * 64 to TumbleGamer]
[15:36:54] [Server thread/INFO]: [TumbleGamer: Given [Redstone Repeater] * 64 to TumbleGamer]
[15:36:54] [Server thread/INFO]: [TumbleGamer: Given [Redstone Torch] * 64 to TumbleGamer]
[15:36:54] [Server thread/INFO]: [TumbleGamer: Given [Block of Gold] * 64 to TumbleGamer]
[15:46:30] [Server thread/INFO]: [@: Given [Custom Sign] * 1 to TumbleGamer]
[15:46:40] [Server thread/INFO]: [TumbleGamer: Given [Redstone Remover] * 1 to TumbleGamer]
[15:47:01] [Server thread/INFO]: [@: Given [Custom Sign] * 1 to TumbleGamer]
[15:48:41] [Server thread/INFO]: [@: Given [Custom Sign] * 1 to TumbleGamer]
[15:48:56] [Server thread/INFO]: [TumbleGamer: Given [Redstone] * 64 to TumbleGamer]
[15:57:15] [Server thread/INFO]: [TumbleGamer: Given [Command Block] * 1 to TumbleGamer]
[15:57:21] [Server thread/INFO]: [@: Given [Redstone Items] * 1 to TumbleGamer]
[15:57:59] [Server thread/INFO]: [@: Given [Custom Sign] * 1 to TumbleGamer]
[15:58:03] [Server thread/INFO]: [TumbleGamer: Given [Redstone Items] * 1 to TumbleGamer]
[15:58:05] [Server thread/INFO]: [TumbleGamer: Given [Redstone Torch] * 64 to TumbleGamer]
[15:58:11] [Server thread/INFO]: [TumbleGamer: Given [Redstone Items] * 1 to TumbleGamer]
[15:58:13] [Server thread/INFO]: [TumbleGamer: Given [Redstone] * 64 to TumbleGamer]
[15:58:20] [Server thread/INFO]: [TumbleGamer: Given [Lever] * 64 to TumbleGamer]
[15:59:08] [Server thread/INFO]: [@: Given [Custom Sign] * 1 to TumbleGamer]
[15:59:12] [Server thread/INFO]: [TumbleGamer: Given [Redstone Items] * 1 to TumbleGamer]
[15:59:31] [Server thread/INFO]: [@: Given [Custom Sign] * 1 to TumbleGamer]
[15:59:33] [Server thread/INFO]: [TumbleGamer: Given [Redstone Items] * 1 to TumbleGamer]
[15:59:38] [Server thread/INFO]: [TumbleGamer: Given [Redstone Items] * 1 to TumbleGamer]
[15:59:52] [Server thread/INFO]: [TumbleGamer: Given [Redstone Items] * 1 to TumbleGamer]
[16:00:01] [Server thread/INFO]: [TumbleGamer: Given [Redstone] * 64 to TumbleGamer]
[16:00:06] [Server thread/INFO]: [TumbleGamer: Given [Block of Gold] * 64 to TumbleGamer]
[16:00:23] [Server thread/INFO]: [TumbleGamer: Given [Lever] * 64 to TumbleGamer]
[16:00:29] [Server thread/INFO]: [TumbleGamer: Given [Redstone Items] * 1 to TumbleGamer]
[16:00:30] [Server thread/INFO]: [TumbleGamer: Given [Redstone Items] * 1 to TumbleGamer]
[16:00:30] [Server thread/INFO]: [TumbleGamer: Given [Redstone Items] * 1 to TumbleGamer]
[16:00:30] [Server thread/INFO]: [TumbleGamer: Given [Redstone Items] * 1 to TumbleGamer]
[16:00:30] [Server thread/INFO]: [TumbleGamer: Given [Redstone Items] * 1 to TumbleGamer]
[16:00:30] [Server thread/INFO]: [TumbleGamer: Given [Redstone Items] * 1 to TumbleGamer]
[16:00:31] [Server thread/INFO]: [TumbleGamer: Given [Redstone Items] * 1 to TumbleGamer]
[16:00:31] [Server thread/INFO]: [TumbleGamer: Given [Redstone Items] * 1 to TumbleGamer]
[16:00:31] [Server thread/INFO]: [TumbleGamer: Given [Redstone Items] * 1 to TumbleGamer]
[16:00:31] [Server thread/INFO]: [TumbleGamer: Given [Redstone Items] * 1 to TumbleGamer]
[16:00:31] [Server thread/INFO]: [TumbleGamer: Given [Redstone Items] * 1 to TumbleGamer]
[16:00:32] [Server thread/INFO]: [TumbleGamer: Given [Redstone Items] * 1 to TumbleGamer]
[16:00:32] [Server thread/INFO]: [TumbleGamer: Given [Redstone Items] * 1 to TumbleGamer]
[16:00:32] [Server thread/INFO]: [TumbleGamer: Given [Redstone Items] * 1 to TumbleGamer]
[16:00:32] [Server thread/INFO]: [TumbleGamer: Given [Redstone Items] * 1 to TumbleGamer]
[16:00:32] [Server thread/INFO]: [TumbleGamer: Given [Redstone Items] * 1 to TumbleGamer]
[16:00:32] [Server thread/INFO]: [TumbleGamer: Given [Redstone Items] * 1 to TumbleGamer]
[16:00:33] [Server thread/INFO]: [TumbleGamer: Given [Redstone Items] * 1 to TumbleGamer]
[16:00:33] [Server thread/INFO]: [TumbleGamer: Given [Redstone Items] * 1 to TumbleGamer]
[16:00:33] [Server thread/INFO]: [TumbleGamer: Given [Redstone Items] * 1 to TumbleGamer]
[16:00:33] [Server thread/INFO]: [TumbleGamer: Given [Redstone Items] * 1 to TumbleGamer]
[16:00:33] [Server thread/INFO]: [TumbleGamer: Given [Redstone Items] * 1 to TumbleGamer]
[16:00:34] [Server thread/INFO]: [TumbleGamer: Given [Redstone Items] * 1 to TumbleGamer]
[16:00:34] [Server thread/INFO]: [TumbleGamer: Given [Redstone Items] * 1 to TumbleGamer]
[16:00:35] [Server thread/INFO]: [TumbleGamer: Given [Redstone Repeater] * 64 to TumbleGamer]
[16:00:36] [Server thread/INFO]: [TumbleGamer: Given [Lever] * 64 to TumbleGamer]
[16:01:04] [Server thread/INFO]: [TumbleGamer: Given [Block of Gold] * 64 to TumbleGamer]
[16:01:10] [Server thread/INFO]: [TumbleGamer: Given [Redstone Repeater] * 64 to TumbleGamer]
[16:02:16] [Server thread/INFO]: [TumbleGamer: Given [Command Block] * 1 to TumbleGamer]
[16:02:19] [Server thread/INFO]: [@: Given [Custom Sign] * 1 to TumbleGamer]
[16:02:25] [Server thread/INFO]: [TumbleGamer: Given [Redstone Items] * 1 to TumbleGamer]
[16:02:33] [Server thread/INFO]: [TumbleGamer: Given [Lever] * 64 to TumbleGamer]
[16:02:36] [Server thread/INFO]: [TumbleGamer: Given [Redstone Repeater] * 64 to TumbleGamer]
[16:03:13] [Server thread/INFO]: [TumbleGamer: Given [Redstone Items] * 1 to TumbleGamer]
[16:03:17] [Server thread/INFO]: [TumbleGamer: Given [Redstone Torch] * 64 to TumbleGamer]
[16:03:19] [Server thread/INFO]: [TumbleGamer: Given [Lever] * 64 to TumbleGamer]
[16:03:20] [Server thread/INFO]: [TumbleGamer: Given [Redstone Torch] * 64 to TumbleGamer]
[16:03:22] [Server thread/INFO]: [TumbleGamer: Given [Redstone] * 64 to TumbleGamer]
[16:03:24] [Server thread/INFO]: [TumbleGamer: Given [Block of Gold] * 64 to TumbleGamer]
[16:03:28] [Server thread/INFO]: [TumbleGamer: Given [Redstone Remover] * 1 to TumbleGamer]
[16:04:26] [Server thread/INFO]: [TumbleGamer: Set own game mode to Spectator Mode]
[16:04:28] [Server thread/INFO]: [TumbleGamer: Set own game mode to Spectator Mode]
[16:04:31] [Server thread/INFO]: [TumbleGamer: Set own game mode to Adventure Mode]
[16:04:55] [Server thread/INFO]: [TumbleGamer: Game rule doEntityDrops has been updated to false]
[16:05:02] [Server thread/INFO]: [TumbleGamer: Game rule doTileDrops has been updated to false]
[16:05:43] [Server thread/INFO]: TumbleGamer lost connection: TextComponent{text='Disconnected', siblings=[], style=Style{hasParent=false, color=null, bold=null, italic=null, underlined=null, obfuscated=null, clickEvent=null, hoverEvent=null, insertion=null}}
[16:05:43] [Server thread/INFO]: TumbleGamer left the game
[16:06:00] [Server thread/INFO]: Saving...
[16:06:01] [Server thread/INFO]: Saved the world
[16:06:06] [Server thread/INFO]: Unknown command. Try /help for a list of commands
[16:06:08] [Server thread/INFO]: Stopping the server
[16:06:08] [Server thread/INFO]: Stopping server
[16:06:08] [Server thread/INFO]: Saving players
[16:06:08] [Server thread/INFO]: Saving worlds
[16:06:08] [Server thread/INFO]: Saving chunks for level 'BooleanAlgebra'/Overworld
[16:06:08] [Server thread/INFO]: Saving chunks for level 'BooleanAlgebra'/Nether
[16:06:08] [Server thread/INFO]: Saving chunks for level 'BooleanAlgebra'/The End
[16:06:08] [Server Shutdown Thread/INFO]: Stopping server
[16:06:08] [Server Shutdown Thread/INFO]: Saving players
